[debug] [2024-01-16T07:29:50.520Z] ----------------------------------------------------------------------
[debug] [2024-01-16T07:29:50.522Z] Command:       C:\Program Files\nodejs\node.exe C:\Program Files\nodejs\node_modules\firebase-tools\lib\bin\firebase.js deploy
[debug] [2024-01-16T07:29:50.523Z] CLI Version:   13.0.3
[debug] [2024-01-16T07:29:50.524Z] Platform:      win32
[debug] [2024-01-16T07:29:50.524Z] Node Version:  v21.4.0
[debug] [2024-01-16T07:29:50.524Z] Time:          Tue Jan 16 2024 12:59:50 GMT+0530 (India Standard Time)
[debug] [2024-01-16T07:29:50.524Z] ----------------------------------------------------------------------
[debug] 
[debug] [2024-01-16T07:29:50.595Z] > command requires scopes: ["email","openid","https://www.googleapis.com/auth/cloudplatformprojects.readonly","https://www.googleapis.com/auth/firebase","https://www.googleapis.com/auth/cloud-platform"]
[debug] [2024-01-16T07:29:50.595Z] > authorizing via signed-in user (ronitjaiprakash2525@gmail.com)
[debug] [2024-01-16T07:29:50.596Z] [iam] checking project techlearns-for-education for permissions ["firebase.projects.get","firebasehosting.sites.update"]
[debug] [2024-01-16T07:29:50.599Z] >>> [apiv2][query] POST https://cloudresourcemanager.googleapis.com/v1/projects/techlearns-for-education:testIamPermissions [none]
[debug] [2024-01-16T07:29:50.599Z] >>> [apiv2][(partial)header] POST https://cloudresourcemanager.googleapis.com/v1/projects/techlearns-for-education:testIamPermissions x-goog-quota-user=projects/techlearns-for-education
[debug] [2024-01-16T07:29:50.599Z] >>> [apiv2][body] POST https://cloudresourcemanager.googleapis.com/v1/projects/techlearns-for-education:testIamPermissions {"permissions":["firebase.projects.get","firebasehosting.sites.update"]}
[debug] [2024-01-16T07:29:52.549Z] <<< [apiv2][status] POST https://cloudresourcemanager.googleapis.com/v1/projects/techlearns-for-education:testIamPermissions 200
[debug] [2024-01-16T07:29:52.550Z] <<< [apiv2][body] POST https://cloudresourcemanager.googleapis.com/v1/projects/techlearns-for-education:testIamPermissions {"permissions":["firebase.projects.get","firebasehosting.sites.update"]}
[debug] [2024-01-16T07:29:52.550Z] >>> [apiv2][query] GET https://firebase.googleapis.com/v1beta1/projects/techlearns-for-education [none]
[debug] [2024-01-16T07:29:53.192Z] <<< [apiv2][status] GET https://firebase.googleapis.com/v1beta1/projects/techlearns-for-education 200
[debug] [2024-01-16T07:29:53.192Z] <<< [apiv2][body] GET https://firebase.googleapis.com/v1beta1/projects/techlearns-for-education {"projectId":"techlearns-for-education","projectNumber":"405658535924","displayName":"Techlearns For Education","name":"projects/techlearns-for-education","resources":{"hostingSite":"techlearns-for-education"},"state":"ACTIVE","etag":"1_32bd6b7b-d680-48b7-a850-f9b3c8dbc220"}
[info] 
[info] === Deploying to 'techlearns-for-education'...
[info] 
[info] i  deploying hosting 
[debug] [2024-01-16T07:29:53.201Z] >>> [apiv2][query] POST https://firebasehosting.googleapis.com/v1beta1/projects/-/sites/techlearns-for-education/versions [none]
[debug] [2024-01-16T07:29:53.201Z] >>> [apiv2][body] POST https://firebasehosting.googleapis.com/v1beta1/projects/-/sites/techlearns-for-education/versions {"status":"CREATED","labels":{"deployment-tool":"cli-firebase"}}
[debug] [2024-01-16T07:29:54.706Z] <<< [apiv2][status] POST https://firebasehosting.googleapis.com/v1beta1/projects/-/sites/techlearns-for-education/versions 200
[debug] [2024-01-16T07:29:54.706Z] <<< [apiv2][body] POST https://firebasehosting.googleapis.com/v1beta1/projects/-/sites/techlearns-for-education/versions {"name":"projects/405658535924/sites/techlearns-for-education/versions/9633713ea60af89d","status":"CREATED","config":{},"labels":{"deployment-tool":"cli-firebase"}}
[info] i  hosting[techlearns-for-education]: beginning deploy... 
[info] i  hosting[techlearns-for-education]: found 52 files in build 
[debug] [2024-01-16T07:29:54.734Z] [hosting] uploading with 200 concurrency
[debug] [2024-01-16T07:29:55.037Z] [hosting] hash cache [YnVpbGQ] stored for 52 files
[debug] [2024-01-16T07:29:55.037Z] [hosting][hash queue][FINAL] {"max":295,"min":5,"avg":49.15384615384615,"active":0,"complete":52,"success":52,"errored":0,"retried":0,"total":52,"elapsed":301}
[debug] [2024-01-16T07:29:55.037Z] >>> [apiv2][query] POST https://firebasehosting.googleapis.com/v1beta1/projects/405658535924/sites/techlearns-for-education/versions/9633713ea60af89d:populateFiles [none]
[debug] [2024-01-16T07:29:55.038Z] >>> [apiv2][body] POST https://firebasehosting.googleapis.com/v1beta1/projects/405658535924/sites/techlearns-for-education/versions/9633713ea60af89d:populateFiles {"files":{"/favicon.ico":"27edce7be5922cf0bef7d4136f69b5bfbdd5bf8c13c7b026f71187d41a00aa7d","/logo192.png":"79e2b749561016bc8af300ea19f48347ceed3cb1a54f48ae456172eca45e08f0","/logo512.png":"212b102aa09e51b3b3e06647e81f7801a61333e171f6582e8124379aabccb41d","/manifest.json":"4368aeaf848ae2e048765562c289452f33ad2a175c4b1951ea8bdf2ada0d5b10","/myicon.png":"947db46caa3e33abf6265656355a5314cd83763bc4795460e9b53410fdcd8376","/postcss.config.js":"34d42e0d8678845fb7cc9f8a7455603549f6d1a7cc804e965d41baa0f4277e46","/robots.txt":"b2090cf9761ef60aa06e4fab97679bd43dfa5e5df073701ead5879d7c68f1ec5","/Assets/Brand/Logo.png":"eaf85ebd1bb685aee541bb529c9ca744840ba9c11535e849b94365374445c11e","/Assets/Brand/LogoDark.png":"86e3c2a49b56edc8ad943dbb309cfbf873199c74bcad14a0956efa35d6033b3b","/Assets/Fonts/Cera Pro Black.otf":"9a8ead2205933c3125751ffb078c871fad0148922c6e28441bc348ef36b7f005","/Assets/Fonts/CeraProBold.otf":"d6f9619eb1e7545a79b6618e547a7a2eb780a2a77f5d5eebd56925f17179c1fa","/Assets/Fonts/CeraProLight.otf":"c1e42e061cb8e66ce8e0d730996cd87415b0cb4515877c0d0adb47aaaa00b4f5","/Assets/Fonts/CeraProMedium.otf":"9e8d5403d208cb04f214e52b4009b52041738aef8841141bd1b9ed5b4224d758","/asset-manifest.json":"3412b2a4dedd6569103e2b50a94ba71051568d61dec58d75e3422a67669deb2f","/index.html":"fa142085443035fec1d681780a9bca1e694da6feae460afc029a97817f8b28a0","/static/js/787.ffd476e1.chunk.js":"0f057b7cdccf86dc664120fa5bad5f8fe67216b803d6e3b7d8ee2a43c6d3c279","/static/js/main.d49429af.js.LICENSE.txt":"f78b590912366078ce091c56d25ac225b906598efa5287d55d0af278aed7be26","/static/js/787.ffd476e1.chunk.js.map":"c7809abadc96bc267b986ff7b0cc138f95047e5f49229a8ab7acf276ca28d200","/static/css/main.2ccc9d2f.css.map":"e6a4c4972a8571ca9bf735ef3e67ab1760b8726f2f1f786449c42d50cc61fee8","/static/media/Casestudies2x.030b8026d9f8b9748918.webp":"a8a7415f12ffaf70b25d158f4d7ce1cdc7e8409bc0317d24da22c3c0d2220266","/static/css/main.2ccc9d2f.css":"649b4ecd832a5504473f7957016fcd83f757635dfee16a0769349015771c5fbe","/static/media/Creatorsprogram2x.8c819ea7447266affed1.webp":"f60e5f4140563338caa250bb0997ee5429d854957956f0ef54efc7e85cb12f04","/static/media/goal.0de6b1963ab37033e740.png":"bdf11a0e50df112cb9ba73f6211ba6f5f79e35664f8c6fcd99ac9a7ea6aa5a11","/static/media/Joinourcommunity2x.bb57235eb680d21c605d.webp":"4adc965f7de44f875379c1c0d7c7be4e2443bb7cd0e0b3d5ef423c0fe41e79bb","/static/media/logo.6ce24c58023cc2f8fd88fe9d219db6c6.svg":"1ba5ab29d08b53b3c796cb7a8991d18ea9f36d9690fbd3e609681c47808a7bcb","/static/media/slick.2630a3e3eab21c607e21.svg":"4d223326396dcf3abf9f31e7fe324d7cee327799c322474d6246950d56c9a9e5","/static/media/slick.295183786cd8a1389865.woff":"7feb12b85f7c511f941d9d2f657d107daec1e37b452a23d355ec3e72fa884ee3","/static/media/Resources2x.f56cc75c5c74473b44b2.webp":"0b8770a8beffd1ef907527e238cf654a60b83c82da980385a033128680f8a919","/static/media/slick.a4e97f5a2a64f0ab1323.eot":"ed67f7884c468f957a4ec1010741b07addd932d8c47a83b0a720a799ead75dbb","/static/media/slick.c94f7671dcc99dce43e2.ttf":"2a69fb5b4ff00530e26e5560f694292a430b43ce5487c120a3feceec7c92d3cc","/static/media/Templatesillo2x.a9d1e7079fd987401a90.webp":"5708af517df9de0260b6381d5b49d5022169674954c16e82f4c6a3e014ceafff","/static/media/earning.db66561018eb71b3e38e.png":"e331bce719f62fe0dcd84700ef8eacc2c6e9564608ec8524cc6369d7c805c0fb","/static/media/factory.9bbeaf23209f197a52b9.png":"7ad086fd904f14c695919a591f6c8d0bef7a1e40b259856cca4ce87051f453b1","/static/media/GeorgeLee3x.a886009b.193810e4bf394ec758b5.avif":"4044f53a11620b4fa3fd4bd7278c256931a988d6cfaf4aa742acc471f5cc5d46","/static/media/icon-2.7777d61d247daad11497.png":"fd34c5ef3558f0a3c4804a115597d2aa2d89675ac144af0ebcc8e2b0e667be54","/static/media/icon-1.d347a1b17c913642cfce.png":"36536032ebb2f4af1fe62c59256fbd489405302d14410c4effa44ab36312b918","/static/media/icon-3.9008a0c4217ce8824fce.png":"a520e68c0c2de155ebe029b522602bf64bc395562e3966ee07727ddf276bfc3b","/static/media/promotion.7751bc0e2426b767bddd.png":"44999bcd26778d121943696f9ad62f51f720e6ed7f4e215dd82ce7ea8bcfbbca","/static/media/skills.06a641d0c7d9558a255b.png":"226f7eecb0198313bef4ab881606e1915e2e84ec7fc9aab55bfc289abfca6222","/static/media/entrepreneur.9625edde2097bab59978.png":"03af0729ded5a9009277e586a196a8eb288e474033a34b8052abe7558b6fd984","/static/media/CeraProLight.e46c8e0b3ab25af6d9eb.otf":"c1e42e061cb8e66ce8e0d730996cd87415b0cb4515877c0d0adb47aaaa00b4f5","/static/media/CeraProMedium.2bc02ae84a1e73c231d6.otf":"9e8d5403d208cb04f214e52b4009b52041738aef8841141bd1b9ed5b4224d758","/static/media/CeraProBold.23dd9a3e7a1b992dedb7.otf":"d6f9619eb1e7545a79b6618e547a7a2eb780a2a77f5d5eebd56925f17179c1fa","/static/js/main.d49429af.js":"8754d072b738ff3cd32eb62a803b3d0cc173263aec6f627f564134c825794c68","/static/media/seventth.1855d7412193af048eb1.png":"50d83dd0be824720048b0ed12700c5444d2e21e956c2ce0f2e650ce001e399da","/static/media/fourth.d77a56c40f911f1914e5.png":"210f523fd34f01369ab242e8f90b5bbe374e9acf860791624704d155b9e81531","/static/media/fifth.81be1baa2cfa82ba1707.png":"19c2ae1590989691c96e274a445f37b709e81a00ed1e3bfbc63cae2f2c5d26f2","/static/media/LogoDark.cdfb276da214095247d5.png":"86e3c2a49b56edc8ad943dbb309cfbf873199c74bcad14a0956efa35d6033b3b","/static/media/TechLearns.b6ba781c0c679d609b3e.png":"eaf85ebd1bb685aee541bb529c9ca744840ba9c11535e849b94365374445c11e","/static/media/EducationHero_WebOptimised.929fb42a1ce9bc7f7243.mp4":"d333c5f89fa8af1889ab04ee9c0c6e44884629917e1cb212f6109dbddc770df5","/static/media/Backgroundremover-2.239eacafb024935fc3f6.mp4":"6b51b75e6ad156eafc0a5385005bf7b359908a26206695e04cd12c9aed55ab3a","/static/js/main.d49429af.js.map":"b1d4c04c80ee7fb0f324a4e4cf1ff165bc985b8964b166dc5e3a4e9a36bf9de9"}}
[debug] [2024-01-16T07:29:55.619Z] <<< [apiv2][status] POST https://firebasehosting.googleapis.com/v1beta1/projects/405658535924/sites/techlearns-for-education/versions/9633713ea60af89d:populateFiles 200
[debug] [2024-01-16T07:29:55.620Z] <<< [apiv2][body] POST https://firebasehosting.googleapis.com/v1beta1/projects/405658535924/sites/techlearns-for-education/versions/9633713ea60af89d:populateFiles {"uploadRequiredHashes":["8754d072b738ff3cd32eb62a803b3d0cc173263aec6f627f564134c825794c68","3412b2a4dedd6569103e2b50a94ba71051568d61dec58d75e3422a67669deb2f","fa142085443035fec1d681780a9bca1e694da6feae460afc029a97817f8b28a0","b1d4c04c80ee7fb0f324a4e4cf1ff165bc985b8964b166dc5e3a4e9a36bf9de9"],"uploadUrl":"https://upload-firebasehosting.googleapis.com/upload/sites/techlearns-for-education/versions/9633713ea60af89d/files"}
[debug] [2024-01-16T07:29:55.620Z] >>> [apiv2][query] POST https://upload-firebasehosting.googleapis.com/upload/sites/techlearns-for-education/versions/9633713ea60af89d/files/8754d072b738ff3cd32eb62a803b3d0cc173263aec6f627f564134c825794c68 [none]
[debug] [2024-01-16T07:29:55.621Z] >>> [apiv2][body] POST https://upload-firebasehosting.googleapis.com/upload/sites/techlearns-for-education/versions/9633713ea60af89d/files/8754d072b738ff3cd32eb62a803b3d0cc173263aec6f627f564134c825794c68 [stream]
[debug] [2024-01-16T07:29:55.622Z] >>> [apiv2][query] POST https://upload-firebasehosting.googleapis.com/upload/sites/techlearns-for-education/versions/9633713ea60af89d/files/3412b2a4dedd6569103e2b50a94ba71051568d61dec58d75e3422a67669deb2f [none]
[debug] [2024-01-16T07:29:55.623Z] >>> [apiv2][body] POST https://upload-firebasehosting.googleapis.com/upload/sites/techlearns-for-education/versions/9633713ea60af89d/files/3412b2a4dedd6569103e2b50a94ba71051568d61dec58d75e3422a67669deb2f [stream]
[debug] [2024-01-16T07:29:55.625Z] >>> [apiv2][query] POST https://upload-firebasehosting.googleapis.com/upload/sites/techlearns-for-education/versions/9633713ea60af89d/files/fa142085443035fec1d681780a9bca1e694da6feae460afc029a97817f8b28a0 [none]
[debug] [2024-01-16T07:29:55.625Z] >>> [apiv2][body] POST https://upload-firebasehosting.googleapis.com/upload/sites/techlearns-for-education/versions/9633713ea60af89d/files/fa142085443035fec1d681780a9bca1e694da6feae460afc029a97817f8b28a0 [stream]
[debug] [2024-01-16T07:29:55.627Z] >>> [apiv2][query] POST https://upload-firebasehosting.googleapis.com/upload/sites/techlearns-for-education/versions/9633713ea60af89d/files/b1d4c04c80ee7fb0f324a4e4cf1ff165bc985b8964b166dc5e3a4e9a36bf9de9 [none]
[debug] [2024-01-16T07:29:55.628Z] >>> [apiv2][body] POST https://upload-firebasehosting.googleapis.com/upload/sites/techlearns-for-education/versions/9633713ea60af89d/files/b1d4c04c80ee7fb0f324a4e4cf1ff165bc985b8964b166dc5e3a4e9a36bf9de9 [stream]
[debug] [2024-01-16T07:29:55.630Z] [hosting][populate queue][FINAL] {"max":585,"min":585,"avg":585,"active":0,"complete":1,"success":1,"errored":0,"retried":0,"total":1,"elapsed":595}
[debug] [2024-01-16T07:29:55.630Z] [hosting] uploads queued: 4
